1545132301118	mozrunner::runner	INFO	Running command: "G:\\app\\firefox\\firefox.exe" "-marionette" "-foreground" "-no-remote" "-profile" "C:\\Users\\lenovo\\AppData\\Local\\Temp\\rust_mozprofile.upJPVwLA2kbO"
1545132301545	addons.webextension.screenshots@mozilla.org	WARN	Loading extension 'screenshots@mozilla.org': Reading manifest: Invalid host permission: resource://pdf.js/
1545132301546	addons.webextension.screenshots@mozilla.org	WARN	Loading extension 'screenshots@mozilla.org': Reading manifest: Invalid host permission: about:reader*
1545132303092	Marionette	INFO	Listening on port 4150
1545132303331	Marionette	WARN	TLS certificate errors will be ignored for this session
1545132309758	Marionette	INFO	Stopped listening on port 4150
[Child 7680, Chrome_ChildThread] WARNING: pipe error: 109: file z:/build/build/src/ipc/chromium/src/chrome/common/ipc_channel_win.cc, line 346
[C[Child 12324, Chrome_ChildThread] WARNING: pipe error: 109: file z:/build/build/src/ipc/chromium/src/chrome/common/ipc_channel_win.cc, line 346
[Child [Child 5988, Chrome_ChildThread] WARNING: pipe error: 109: file z:/build/build/src/ipc/chromium/src/chrome/common/ipc_channel_win.cc, line 346
[Ch[
###!!! [Child][MessageChannel::SendAndWait] Error: Channel error: cannot send/recv

1545140497904	mozrunner::runner	INFO	Running command: "G:\\app\\firefox\\firefox.exe" "-marionette" "-foreground" "-no-remote" "-profile" "C:\\Users\\lenovo\\AppData\\Local\\Temp\\rust_mozprofile.IgB18aiZt1Cx"
1545140498351	addons.webextension.screenshots@mozilla.org	WARN	Loading extension 'screenshots@mozilla.org': Reading manifest: Invalid host permission: resource://pdf.js/
1545140498352	addons.webextension.screenshots@mozilla.org	WARN	Loading extension 'screenshots@mozilla.org': Reading manifest: Invalid host permission: about:reader*
1545140499984	Marionette	INFO	Listening on port 6311
1545140500024	Marionette	WARN	TLS certificate errors will be ignored for this session
JavaScript warning: resource://devtools/shared/base-loader.js -> resource://devtools/client/shared/demangle.js, line 0: Successfully compiled asm.js code (total compilation time 85ms; unable to cache asm.js in synchronous scripts; try loading asm.js via <script async> or createElement('script'))
JavaScript error: resource://devtools/shared/base-loader.js -> resource://devtools/server/actors/targets/browsing-context.js, line 339: TypeError: this.docShell is null
1545140686516	Marionette	INFO	Stopped listening on port 6311
[Parent 4088, Gecko_IOThread] WARNING: pipe error: 109: file z:/build/build/src/ipc/chromium/src/chrome/common/ipc_channel_win.cc, line 346
[Parent 4088, Gecko_IOThread] WARNING: pipe error: 109: file z:/build/build/src/ipc/chromium/src/chrome/common/ipc_channel_win.cc, line 346
[Child 6056, Chrome_ChildThread] WARNING: pipe error: 109: file z:/build/build/sr[c/ipc/cChhriolmd 3208, Chrome_iCuhildmT/hsrread] cWARNING: pipe error: 109: file z:/build/build/src/ipc/c/hcrhormome/common/ipc_channel_win.cc, line 346i
um/src/chrome/common/ipc_channel_win.cc, line 346
[C[
###!!! [Child][MessageChannel::SendAndWait] Error: Channel error: cannot send/recv

1545140693869	mozrunner::runner	INFO	Running command: "G:\\app\\firefox\\firefox.exe" "-marionette" "-foreground" "-no-remote" "-profile" "C:\\Users\\lenovo\\AppData\\Local\\Temp\\rust_mozprofile.DEfH5UyKEkAP"
1545140694308	addons.webextension.screenshots@mozilla.org	WARN	Loading extension 'screenshots@mozilla.org': Reading manifest: Invalid host permission: resource://pdf.js/
1545140694308	addons.webextension.screenshots@mozilla.org	WARN	Loading extension 'screenshots@mozilla.org': Reading manifest: Invalid host permission: about:reader*
1545140695993	Marionette	INFO	Listening on port 6433
1545140696088	Marionette	WARN	TLS certificate errors will be ignored for this session
1545140738245	Marionette	INFO	Stopped listening on port 6433
[Child 4304, Chrome_ChildThread] WARNING: pipe error: 109: file z:/build/build/src/ipc/chromium/src/chrome/common/ipc_channel_win.cc, line 346
[C[Parent 3148, Gecko_IOThread] WARNING: pipe error: 109: file z:/build/build/src/ipc/chromium/src/chrome/common/ipc_channel_win.cc, line 346
[Child 5544, Chrome_ChildThread] WARNING: pipe error: 109: file z:/build/build/src/ipc/chromium/src/chrome/common/ipc_channel_win.cc, line 346
[C[Parent 3148, Gecko_IOThread] WARNING: pipe error: 109: file z:/build/build/src/ipc/chromium/src/chrome/common/ipc_channel_win.cc, line 346
[Child 12968, Chrome_ChildThread] WARNING: pipe error: 109: file z:/build/build/src/ipc/chromium/src/chrome/common/ipc_channel_win.cc, line 346
[C
###!!! [Child][RunMessage] Error: Channel closing: too late to send/recv, messages will be lost

[
###!!! [Child][MessageChannel::SendAndWait] Error: Channel error: cannot send/recv

